2020-10-19 18:04:59.403  INFO 4280 --- [main] c.s.s.SpringProjectApplication           : Starting SpringProjectApplication on Samsung with PID 4280 (C:\Users\Maciek\Desktop\kurs\springProject\target\classes started by Maciek in C:\Users\Maciek\Desktop\kurs\springProject)
2020-10-19 18:04:59.481  INFO 4280 --- [main] c.s.s.SpringProjectApplication           : No active profile set, falling back to default profiles: default
2020-10-19 18:05:02.624  INFO 4280 --- [main] org.slf4j.Logger                         : Wystartował TestDao
2020-10-19 18:05:02.626  INFO 4280 --- [main] org.slf4j.Logger                         : Startuje TestDao info
2020-10-19 18:05:02.628 ERROR 4280 --- [main] org.slf4j.Logger                         : Startuje TestDao error
2020-10-19 18:05:02.630  WARN 4280 --- [main] org.slf4j.Logger                         : Startuje TestDao warn
2020-10-19 18:05:03.429  INFO 4280 --- [main] c.s.s.SpringProjectApplication           : Started SpringProjectApplication in 9.098 seconds (JVM running for 15.464)
2020-10-19 18:05:03.499  INFO 4280 --- [SpringContextShutdownHook] org.slf4j.Logger                         : Niszczymy TestDao
2020-10-19 18:16:19.977  INFO 6912 --- [main] c.s.s.SpringProjectApplication           : Starting SpringProjectApplication on Samsung with PID 6912 (C:\Users\Maciek\Desktop\kurs\springProject\target\classes started by Maciek in C:\Users\Maciek\Desktop\kurs\springProject)
2020-10-19 18:16:20.041  INFO 6912 --- [main] c.s.s.SpringProjectApplication           : No active profile set, falling back to default profiles: default
2020-10-19 18:16:26.732  INFO 6912 --- [main] org.slf4j.Logger                         : Wystartował TestDao
2020-10-19 18:16:26.734  INFO 6912 --- [main] org.slf4j.Logger                         : Startuje TestDao info
2020-10-19 18:16:26.739 ERROR 6912 --- [main] org.slf4j.Logger                         : Startuje TestDao error
2020-10-19 18:16:26.742  WARN 6912 --- [main] org.slf4j.Logger                         : Startuje TestDao warn
2020-10-19 18:16:26.782  WARN 6912 --- [main] s.c.a.AnnotationConfigApplicationContext : Exception encountered during context initialization - cancelling refresh attempt: org.springframework.beans.factory.BeanCreationException: Error creating bean with name 'getAccountService' defined in class path resource [com/sda/springProject/config/BeansConfig.class]: Unexpected exception during bean creation; nested exception is java.lang.IllegalArgumentException: Could not resolve placeholder 'accountService.name' in value "${accountService.name}"
2020-10-19 18:16:26.784  INFO 6912 --- [main] org.slf4j.Logger                         : Niszczymy TestDao
2020-10-19 18:16:27.003  INFO 6912 --- [main] ConditionEvaluationReportLoggingListener : 

Error starting ApplicationContext. To display the conditions report re-run your application with 'debug' enabled.
2020-10-19 18:16:27.223 ERROR 6912 --- [main] o.s.boot.SpringApplication               : Application run failed

org.springframework.beans.factory.BeanCreationException: Error creating bean with name 'getAccountService' defined in class path resource [com/sda/springProject/config/BeansConfig.class]: Unexpected exception during bean creation; nested exception is java.lang.IllegalArgumentException: Could not resolve placeholder 'accountService.name' in value "${accountService.name}"
	at org.springframework.beans.factory.support.AbstractAutowireCapableBeanFactory.createBean(AbstractAutowireCapableBeanFactory.java:529) ~[spring-beans-5.2.9.RELEASE.jar:5.2.9.RELEASE]
	at org.springframework.beans.factory.support.AbstractBeanFactory.lambda$doGetBean$0(AbstractBeanFactory.java:324) ~[spring-beans-5.2.9.RELEASE.jar:5.2.9.RELEASE]
	at org.springframework.beans.factory.support.DefaultSingletonBeanRegistry.getSingleton(DefaultSingletonBeanRegistry.java:234) ~[spring-beans-5.2.9.RELEASE.jar:5.2.9.RELEASE]
	at org.springframework.beans.factory.support.AbstractBeanFactory.doGetBean(AbstractBeanFactory.java:322) ~[spring-beans-5.2.9.RELEASE.jar:5.2.9.RELEASE]
	at org.springframework.beans.factory.support.AbstractBeanFactory.getBean(AbstractBeanFactory.java:202) ~[spring-beans-5.2.9.RELEASE.jar:5.2.9.RELEASE]
	at org.springframework.beans.factory.support.DefaultListableBeanFactory.preInstantiateSingletons(DefaultListableBeanFactory.java:897) ~[spring-beans-5.2.9.RELEASE.jar:5.2.9.RELEASE]
	at org.springframework.context.support.AbstractApplicationContext.finishBeanFactoryInitialization(AbstractApplicationContext.java:879) ~[spring-context-5.2.9.RELEASE.jar:5.2.9.RELEASE]
	at org.springframework.context.support.AbstractApplicationContext.refresh(AbstractApplicationContext.java:551) ~[spring-context-5.2.9.RELEASE.jar:5.2.9.RELEASE]
	at org.springframework.boot.SpringApplication.refresh(SpringApplication.java:758) ~[spring-boot-2.3.4.RELEASE.jar:2.3.4.RELEASE]
	at org.springframework.boot.SpringApplication.refresh(SpringApplication.java:750) ~[spring-boot-2.3.4.RELEASE.jar:2.3.4.RELEASE]
	at org.springframework.boot.SpringApplication.refreshContext(SpringApplication.java:397) ~[spring-boot-2.3.4.RELEASE.jar:2.3.4.RELEASE]
	at org.springframework.boot.SpringApplication.run(SpringApplication.java:315) ~[spring-boot-2.3.4.RELEASE.jar:2.3.4.RELEASE]
	at org.springframework.boot.SpringApplication.run(SpringApplication.java:1237) ~[spring-boot-2.3.4.RELEASE.jar:2.3.4.RELEASE]
	at org.springframework.boot.SpringApplication.run(SpringApplication.java:1226) ~[spring-boot-2.3.4.RELEASE.jar:2.3.4.RELEASE]
	at com.sda.springProject.SpringProjectApplication.main(SpringProjectApplication.java:15) ~[classes/:na]
Caused by: java.lang.IllegalArgumentException: Could not resolve placeholder 'accountService.name' in value "${accountService.name}"
	at org.springframework.util.PropertyPlaceholderHelper.parseStringValue(PropertyPlaceholderHelper.java:178) ~[spring-core-5.2.9.RELEASE.jar:5.2.9.RELEASE]
	at org.springframework.util.PropertyPlaceholderHelper.replacePlaceholders(PropertyPlaceholderHelper.java:124) ~[spring-core-5.2.9.RELEASE.jar:5.2.9.RELEASE]
	at org.springframework.core.env.AbstractPropertyResolver.doResolvePlaceholders(AbstractPropertyResolver.java:239) ~[spring-core-5.2.9.RELEASE.jar:5.2.9.RELEASE]
	at org.springframework.core.env.AbstractPropertyResolver.resolveRequiredPlaceholders(AbstractPropertyResolver.java:210) ~[spring-core-5.2.9.RELEASE.jar:5.2.9.RELEASE]
	at org.springframework.context.support.PropertySourcesPlaceholderConfigurer.lambda$processProperties$0(PropertySourcesPlaceholderConfigurer.java:175) ~[spring-context-5.2.9.RELEASE.jar:5.2.9.RELEASE]
	at org.springframework.beans.factory.support.AbstractBeanFactory.resolveEmbeddedValue(AbstractBeanFactory.java:918) ~[spring-beans-5.2.9.RELEASE.jar:5.2.9.RELEASE]
	at org.springframework.beans.factory.support.DefaultListableBeanFactory.doResolveDependency(DefaultListableBeanFactory.java:1248) ~[spring-beans-5.2.9.RELEASE.jar:5.2.9.RELEASE]
	at org.springframework.beans.factory.support.DefaultListableBeanFactory.resolveDependency(DefaultListableBeanFactory.java:1227) ~[spring-beans-5.2.9.RELEASE.jar:5.2.9.RELEASE]
	at org.springframework.beans.factory.support.ConstructorResolver.resolveAutowiredArgument(ConstructorResolver.java:884) ~[spring-beans-5.2.9.RELEASE.jar:5.2.9.RELEASE]
	at org.springframework.beans.factory.support.ConstructorResolver.createArgumentArray(ConstructorResolver.java:788) ~[spring-beans-5.2.9.RELEASE.jar:5.2.9.RELEASE]
	at org.springframework.beans.factory.support.ConstructorResolver.instantiateUsingFactoryMethod(ConstructorResolver.java:538) ~[spring-beans-5.2.9.RELEASE.jar:5.2.9.RELEASE]
	at org.springframework.beans.factory.support.AbstractAutowireCapableBeanFactory.instantiateUsingFactoryMethod(AbstractAutowireCapableBeanFactory.java:1336) ~[spring-beans-5.2.9.RELEASE.jar:5.2.9.RELEASE]
	at org.springframework.beans.factory.support.AbstractAutowireCapableBeanFactory.createBeanInstance(AbstractAutowireCapableBeanFactory.java:1176) ~[spring-beans-5.2.9.RELEASE.jar:5.2.9.RELEASE]
	at org.springframework.beans.factory.support.AbstractAutowireCapableBeanFactory.doCreateBean(AbstractAutowireCapableBeanFactory.java:556) ~[spring-beans-5.2.9.RELEASE.jar:5.2.9.RELEASE]
	at org.springframework.beans.factory.support.AbstractAutowireCapableBeanFactory.createBean(AbstractAutowireCapableBeanFactory.java:516) ~[spring-beans-5.2.9.RELEASE.jar:5.2.9.RELEASE]
	... 14 common frames omitted

2020-10-19 18:21:37.240  INFO 6968 --- [main] c.s.s.SpringProjectApplication           : Starting SpringProjectApplication on Samsung with PID 6968 (C:\Users\Maciek\Desktop\kurs\springProject\target\classes started by Maciek in C:\Users\Maciek\Desktop\kurs\springProject)
2020-10-19 18:21:37.290  INFO 6968 --- [main] c.s.s.SpringProjectApplication           : No active profile set, falling back to default profiles: default
2020-10-19 18:21:43.425  INFO 6968 --- [main] org.slf4j.Logger                         : Wystartował TestDao
2020-10-19 18:21:43.428  INFO 6968 --- [main] org.slf4j.Logger                         : Startuje TestDao info
2020-10-19 18:21:43.431 ERROR 6968 --- [main] org.slf4j.Logger                         : Startuje TestDao error
2020-10-19 18:21:43.433  WARN 6968 --- [main] org.slf4j.Logger                         : Startuje TestDao warn
2020-10-19 18:21:44.377  INFO 6968 --- [main] c.s.s.SpringProjectApplication           : Started SpringProjectApplication in 13.786 seconds (JVM running for 18.81)
2020-10-19 18:21:44.533  INFO 6968 --- [SpringContextShutdownHook] org.slf4j.Logger                         : Niszczymy TestDao
2020-10-19 18:25:11.430  INFO 7084 --- [main] c.s.s.SpringProjectApplication           : Starting SpringProjectApplication on Samsung with PID 7084 (C:\Users\Maciek\Desktop\kurs\springProject\target\classes started by Maciek in C:\Users\Maciek\Desktop\kurs\springProject)
2020-10-19 18:25:11.464  INFO 7084 --- [main] c.s.s.SpringProjectApplication           : No active profile set, falling back to default profiles: default
2020-10-19 18:25:16.322  INFO 7084 --- [main] org.slf4j.Logger                         : Wystartował TestDao
2020-10-19 18:25:16.324  INFO 7084 --- [main] org.slf4j.Logger                         : Startuje TestDao info
2020-10-19 18:25:16.326 ERROR 7084 --- [main] org.slf4j.Logger                         : Startuje TestDao error
2020-10-19 18:25:16.326  WARN 7084 --- [main] org.slf4j.Logger                         : Startuje TestDao warn
2020-10-19 18:25:16.750  INFO 7084 --- [main] c.s.s.SpringProjectApplication           : Started SpringProjectApplication in 10.394 seconds (JVM running for 14.479)
2020-10-19 18:25:16.848  INFO 7084 --- [SpringContextShutdownHook] org.slf4j.Logger                         : Niszczymy TestDao
2020-10-19 18:43:54.034  INFO 4920 --- [main] c.s.s.SpringProjectApplication           : Starting SpringProjectApplication on Samsung with PID 4920 (C:\Users\Maciek\Desktop\kurs\springProject\target\classes started by Maciek in C:\Users\Maciek\Desktop\kurs\springProject)
2020-10-19 18:43:54.074  INFO 4920 --- [main] c.s.s.SpringProjectApplication           : No active profile set, falling back to default profiles: default
2020-10-19 18:44:00.698  INFO 4920 --- [main] org.slf4j.Logger                         : Wystartował TestDao
2020-10-19 18:44:00.701  INFO 4920 --- [main] org.slf4j.Logger                         : Startuje TestDao info
2020-10-19 18:44:00.703 ERROR 4920 --- [main] org.slf4j.Logger                         : Startuje TestDao error
2020-10-19 18:44:00.705  WARN 4920 --- [main] org.slf4j.Logger                         : Startuje TestDao warn
2020-10-19 18:44:01.551  INFO 4920 --- [main] c.s.s.SpringProjectApplication           : Started SpringProjectApplication in 13.792 seconds (JVM running for 18.569)
2020-10-19 18:44:01.676  INFO 4920 --- [SpringContextShutdownHook] org.slf4j.Logger                         : Niszczymy TestDao
2020-10-19 18:51:43.926  INFO 7012 --- [main] c.s.s.SpringProjectApplication           : Starting SpringProjectApplication on Samsung with PID 7012 (C:\Users\Maciek\Desktop\kurs\springProject\target\classes started by Maciek in C:\Users\Maciek\Desktop\kurs\springProject)
2020-10-19 18:51:43.957  INFO 7012 --- [main] c.s.s.SpringProjectApplication           : No active profile set, falling back to default profiles: default
2020-10-19 18:51:49.948  INFO 7012 --- [main] org.slf4j.Logger                         : Wystartował TestDao
2020-10-19 18:51:49.951  INFO 7012 --- [main] org.slf4j.Logger                         : Startuje TestDao info
2020-10-19 18:51:49.976 ERROR 7012 --- [main] org.slf4j.Logger                         : Startuje TestDao error
2020-10-19 18:51:49.978  WARN 7012 --- [main] org.slf4j.Logger                         : Startuje TestDao warn
2020-10-19 18:51:50.810  INFO 7012 --- [main] c.s.s.SpringProjectApplication           : Started SpringProjectApplication in 12.918 seconds (JVM running for 17.585)
2020-10-19 18:51:51.125  INFO 7012 --- [SpringContextShutdownHook] org.slf4j.Logger                         : Niszczymy TestDao
2020-10-19 18:53:30.343  INFO 3016 --- [main] c.s.s.SpringProjectApplication           : Starting SpringProjectApplication on Samsung with PID 3016 (C:\Users\Maciek\Desktop\kurs\springProject\target\classes started by Maciek in C:\Users\Maciek\Desktop\kurs\springProject)
2020-10-19 18:53:30.373  INFO 3016 --- [main] c.s.s.SpringProjectApplication           : No active profile set, falling back to default profiles: default
2020-10-19 18:53:37.053  INFO 3016 --- [main] org.slf4j.Logger                         : Wystartował TestDao
2020-10-19 18:53:37.055  INFO 3016 --- [main] org.slf4j.Logger                         : Startuje TestDao info
2020-10-19 18:53:37.057 ERROR 3016 --- [main] org.slf4j.Logger                         : Startuje TestDao error
2020-10-19 18:53:37.057  WARN 3016 --- [main] org.slf4j.Logger                         : Startuje TestDao warn
2020-10-19 18:53:38.322  INFO 3016 --- [main] c.s.s.SpringProjectApplication           : Started SpringProjectApplication in 14.186 seconds (JVM running for 19.173)
2020-10-19 18:53:39.051  INFO 3016 --- [SpringContextShutdownHook] org.slf4j.Logger                         : Niszczymy TestDao
